<?xml version="1.0" encoding="UTF-8"?>
<!-- Generated by org.testng.reporters.JUnitReportReporter -->
<testsuite hostname="IN-996XTN3" failures="0" tests="2" name="com.apidemo.runner.Run" time="54.668" errors="0" timestamp="2023-02-08T12:33:12 IST" skipped="0">
  <testcase classname="com.apidemo.runner.Run" name="runScenario" time="34.879"/>
  <system-out/>
  <testcase classname="com.apidemo.runner.Run" name="runScenario" time="19.789"/>
  <system-out/>
</testsuite> <!-- com.apidemo.runner.Run -->
