<?xml version="1.0" encoding="UTF-8"?>
<!-- Generated by org.testng.reporters.JUnitReportReporter -->
<testsuite hostname="IN-996XTN3" failures="0" tests="2" name="com.apidemo.runner.Run" time="36.023" errors="0" timestamp="2023-02-08T14:35:20 IST" skipped="0">
  <testcase classname="com.apidemo.runner.Run" name="runScenario" time="15.329"/>
  <system-out/>
  <testcase classname="com.apidemo.runner.Run" name="runScenario" time="20.694"/>
  <system-out/>
</testsuite> <!-- com.apidemo.runner.Run -->
